build/app/intermediates/manifest_merge_blame_file/release/manifest-merger-blame-release-report.txt
1<?xml version="1.0" encoding="utf-8"?>
2<manifest xmlns:android="http://schemas.android.com/apk/res/android"
3    package="loyd.app.example.flutter.com.chatapploydlab"
4    android:versionCode="1"
5    android:versionName="1.0.0" >
6
7    <uses-sdk
8        android:minSdkVersion="21"
8-->src/main/AndroidManifest.xml
9        android:targetSdkVersion="28" />
9-->src/main/AndroidManifest.xml
10
11    <uses-permission android:name="android.permission.INTERNET" />
11-->src/main/AndroidManifest.xml:3:5-67
11-->src/main/AndroidManifest.xml:3:22-64
12    <uses-permission android:name="android.permission.SYSTEM_ALERT_WINDOW" />
12-->src/main/AndroidManifest.xml:4:5-77
12-->src/main/AndroidManifest.xml:4:22-75
13    <uses-permission android:name="android.permission.BIND_TELECOM_CONNECTION_SERVICE" />
13-->src/main/AndroidManifest.xml:6:5-89
13-->src/main/AndroidManifest.xml:6:22-87
14    <uses-permission android:name="android.permission.FOREGROUND_SERVICE" />
14-->src/main/AndroidManifest.xml:7:5-77
14-->src/main/AndroidManifest.xml:7:22-74
15    <uses-permission android:name="android.permission.READ_PHONE_STATE" />
15-->src/main/AndroidManifest.xml:8:5-75
15-->src/main/AndroidManifest.xml:8:22-72
16    <uses-permission android:name="android.permission.CALL_PHONE" />
16-->src/main/AndroidManifest.xml:9:5-69
16-->src/main/AndroidManifest.xml:9:22-66
17    <uses-permission android:name="android.permission.RECORD_AUDIO" />
17-->src/main/AndroidManifest.xml:10:5-71
17-->src/main/AndroidManifest.xml:10:22-68
18    <uses-permission android:name="android.permission.ACCESS_COARSE_LOCATION" />
18-->src/main/AndroidManifest.xml:11:5-81
18-->src/main/AndroidManifest.xml:11:22-78
19    <uses-permission android:name="android.permission.ACCESS_FINE_LOCATION" />
19-->src/main/AndroidManifest.xml:12:5-79
19-->src/main/AndroidManifest.xml:12:22-76
20    <uses-permission android:name="android.permission.CAMERA" />
20-->src/main/AndroidManifest.xml:13:5-65
20-->src/main/AndroidManifest.xml:13:22-62
21    <uses-permission android:name="android.permission.READ_CONTACTS" />
21-->src/main/AndroidManifest.xml:14:5-72
21-->src/main/AndroidManifest.xml:14:22-69
22    <uses-permission android:name="android.permission.READ_CALENDAR" />
22-->src/main/AndroidManifest.xml:15:5-72
22-->src/main/AndroidManifest.xml:15:22-69
23    <uses-permission android:name="android.permission.WRITE_CALENDAR" />
23-->src/main/AndroidManifest.xml:16:5-73
23-->src/main/AndroidManifest.xml:16:22-70
24    <uses-permission android:name="android.permission.READ_EXTERNAL_STORAGE" />
24-->src/main/AndroidManifest.xml:17:5-80
24-->src/main/AndroidManifest.xml:17:22-77
25    <uses-permission android:name="android.permission.WRITE_EXTERNAL_STORAGE" />
25-->src/main/AndroidManifest.xml:18:5-81
25-->src/main/AndroidManifest.xml:18:22-78
26    <uses-permission android:name="android.permission.WRITE_SETTINGS" />
26-->src/main/AndroidManifest.xml:19:5-73
26-->src/main/AndroidManifest.xml:19:22-70
27    <uses-permission android:name="android.permission.MODIFY_AUDIO_SETTINGS" />
27-->[:agora_rtc_engine] AndroidManifest.xml:14:5-80
27-->[:agora_rtc_engine] AndroidManifest.xml:14:22-77
28    <uses-permission android:name="android.permission.ACCESS_NETWORK_STATE" />
28-->[:agora_rtc_engine] AndroidManifest.xml:15:5-79
28-->[:agora_rtc_engine] AndroidManifest.xml:15:22-76
29    <uses-permission android:name="android.permission.BLUETOOTH" />
29-->[:agora_rtc_engine] AndroidManifest.xml:16:5-68
29-->[:agora_rtc_engine] AndroidManifest.xml:16:22-65
30    <uses-permission android:name="android.permission.ACCESS_WIFI_STATE" />
30-->[:agora_rtc_engine] AndroidManifest.xml:17:5-76
30-->[:agora_rtc_engine] AndroidManifest.xml:17:22-73
31    <uses-permission android:name="android.permission.READ_PRIVILEGED_PHONE_STATE" />
31-->[:agora_rtc_engine] AndroidManifest.xml:19:5-21:47
31-->[:agora_rtc_engine] AndroidManifest.xml:20:9-70
32    <uses-permission android:name="android.permission.WAKE_LOCK" />
32-->[:firebase_messaging] AndroidManifest.xml:8:5-68
32-->[:firebase_messaging] AndroidManifest.xml:8:22-65
33    <uses-permission android:name="android.permission.RECEIVE_BOOT_COMPLETED" />
33-->[:flutter_local_notifications] AndroidManifest.xml:7:5-81
33-->[:flutter_local_notifications] AndroidManifest.xml:7:22-78
34    <uses-permission android:name="android.permission.VIBRATE" />
34-->[:flutter_local_notifications] AndroidManifest.xml:8:5-66
34-->[:flutter_local_notifications] AndroidManifest.xml:8:22-63
35    <uses-permission android:name="android.permission.USE_FULL_SCREEN_INTENT" /> <!-- Required by older versions of Google Play services to create IID tokens -->
35-->[:flutter_local_notifications] AndroidManifest.xml:9:5-81
35-->[:flutter_local_notifications] AndroidManifest.xml:9:22-78
36    <uses-permission android:name="com.google.android.c2dm.permission.RECEIVE" /> <!-- for android -->
36-->[com.google.firebase:firebase-messaging:22.0.0] AndroidManifest.xml:25:5-82
36-->[com.google.firebase:firebase-messaging:22.0.0] AndroidManifest.xml:25:22-79
37    <!-- <uses-permission android:name="com.android.launcher.permission.READ_SETTINGS"/> -->
38    <!-- <uses-permission android:name="com.android.launcher.permission.WRITE_SETTINGS"/> -->
39    <!-- <uses-permission android:name="com.android.launcher.permission.INSTALL_SHORTCUT" /> -->
40    <!-- <uses-permission android:name="com.android.launcher.permission.UNINSTALL_SHORTCUT" /> -->
41    <!-- for Samsung -->
42    <uses-permission android:name="com.sec.android.provider.badge.permission.READ" />
42-->[me.leolin:ShortcutBadger:1.1.22] AndroidManifest.xml:19:5-86
42-->[me.leolin:ShortcutBadger:1.1.22] AndroidManifest.xml:19:22-83
43    <uses-permission android:name="com.sec.android.provider.badge.permission.WRITE" /> <!-- for htc -->
43-->[me.leolin:ShortcutBadger:1.1.22] AndroidManifest.xml:20:5-87
43-->[me.leolin:ShortcutBadger:1.1.22] AndroidManifest.xml:20:22-84
44    <uses-permission android:name="com.htc.launcher.permission.READ_SETTINGS" />
44-->[me.leolin:ShortcutBadger:1.1.22] AndroidManifest.xml:23:5-81
44-->[me.leolin:ShortcutBadger:1.1.22] AndroidManifest.xml:23:22-78
45    <uses-permission android:name="com.htc.launcher.permission.UPDATE_SHORTCUT" /> <!-- for sony -->
45-->[me.leolin:ShortcutBadger:1.1.22] AndroidManifest.xml:24:5-83
45-->[me.leolin:ShortcutBadger:1.1.22] AndroidManifest.xml:24:22-80
46    <uses-permission android:name="com.sonyericsson.home.permission.BROADCAST_BADGE" />
46-->[me.leolin:ShortcutBadger:1.1.22] AndroidManifest.xml:27:5-88
46-->[me.leolin:ShortcutBadger:1.1.22] AndroidManifest.xml:27:22-85
47    <uses-permission android:name="com.sonymobile.home.permission.PROVIDER_INSERT_BADGE" /> <!-- for apex -->
47-->[me.leolin:ShortcutBadger:1.1.22] AndroidManifest.xml:28:5-92
47-->[me.leolin:ShortcutBadger:1.1.22] AndroidManifest.xml:28:22-89
48    <uses-permission android:name="com.anddoes.launcher.permission.UPDATE_COUNT" /> <!-- for solid -->
48-->[me.leolin:ShortcutBadger:1.1.22] AndroidManifest.xml:31:5-84
48-->[me.leolin:ShortcutBadger:1.1.22] AndroidManifest.xml:31:22-81
49    <uses-permission android:name="com.majeur.launcher.permission.UPDATE_BADGE" /> <!-- for huawei -->
49-->[me.leolin:ShortcutBadger:1.1.22] AndroidManifest.xml:34:5-83
49-->[me.leolin:ShortcutBadger:1.1.22] AndroidManifest.xml:34:22-80
50    <uses-permission android:name="com.huawei.android.launcher.permission.CHANGE_BADGE" />
50-->[me.leolin:ShortcutBadger:1.1.22] AndroidManifest.xml:37:5-91
50-->[me.leolin:ShortcutBadger:1.1.22] AndroidManifest.xml:37:22-88
51    <uses-permission android:name="com.huawei.android.launcher.permission.READ_SETTINGS" />
51-->[me.leolin:ShortcutBadger:1.1.22] AndroidManifest.xml:38:5-92
51-->[me.leolin:ShortcutBadger:1.1.22] AndroidManifest.xml:38:22-89
52    <uses-permission android:name="com.huawei.android.launcher.permission.WRITE_SETTINGS" /> <!-- for ZUK -->
52-->[me.leolin:ShortcutBadger:1.1.22] AndroidManifest.xml:39:5-93
52-->[me.leolin:ShortcutBadger:1.1.22] AndroidManifest.xml:39:22-90
53    <uses-permission android:name="android.permission.READ_APP_BADGE" /> <!-- for OPPO -->
53-->[me.leolin:ShortcutBadger:1.1.22] AndroidManifest.xml:42:5-73
53-->[me.leolin:ShortcutBadger:1.1.22] AndroidManifest.xml:42:22-70
54    <uses-permission android:name="com.oppo.launcher.permission.READ_SETTINGS" />
54-->[me.leolin:ShortcutBadger:1.1.22] AndroidManifest.xml:45:5-82
54-->[me.leolin:ShortcutBadger:1.1.22] AndroidManifest.xml:45:22-79
55    <uses-permission android:name="com.oppo.launcher.permission.WRITE_SETTINGS" /> <!-- for EvMe -->
55-->[me.leolin:ShortcutBadger:1.1.22] AndroidManifest.xml:46:5-83
55-->[me.leolin:ShortcutBadger:1.1.22] AndroidManifest.xml:46:22-80
56    <uses-permission android:name="me.everything.badger.permission.BADGE_COUNT_READ" />
56-->[me.leolin:ShortcutBadger:1.1.22] AndroidManifest.xml:49:5-88
56-->[me.leolin:ShortcutBadger:1.1.22] AndroidManifest.xml:49:22-85
57    <uses-permission android:name="me.everything.badger.permission.BADGE_COUNT_WRITE" />
57-->[me.leolin:ShortcutBadger:1.1.22] AndroidManifest.xml:50:5-89
57-->[me.leolin:ShortcutBadger:1.1.22] AndroidManifest.xml:50:22-86
58
59    <application
59-->src/main/AndroidManifest.xml:20:5-61:19
60        android:name="io.flutter.app.FlutterApplication"
60-->src/main/AndroidManifest.xml:21:9-57
61        android:appComponentFactory="androidx.core.app.CoreComponentFactory"
61-->[androidx.core:core:1.3.0] AndroidManifest.xml:24:18-86
62        android:icon="@mipmap/ic_launcher"
62-->src/main/AndroidManifest.xml:23:9-43
63        android:label="Chat App" >
63-->src/main/AndroidManifest.xml:22:9-33
64        <activity
64-->src/main/AndroidManifest.xml:24:9-43:20
65            android:name="loyd.app.example.flutter.com.chatapploydlab.MainActivity"
65-->src/main/AndroidManifest.xml:25:13-41
66            android:configChanges="orientation|keyboardHidden|keyboard|screenSize|smallestScreenSize|locale|layoutDirection|fontScale|screenLayout|density|uiMode"
66-->src/main/AndroidManifest.xml:28:13-163
67            android:hardwareAccelerated="true"
67-->src/main/AndroidManifest.xml:29:13-47
68            android:launchMode="singleTop"
68-->src/main/AndroidManifest.xml:26:13-43
69            android:theme="@style/LaunchTheme"
69-->src/main/AndroidManifest.xml:27:13-47
70            android:windowSoftInputMode="adjustResize" >
70-->src/main/AndroidManifest.xml:30:13-55
71            <meta-data
71-->src/main/AndroidManifest.xml:31:13-33:59
72                android:name="com.google.firebase.messaging.default_notification_channel_id"
72-->src/main/AndroidManifest.xml:32:17-93
73                android:value="high_importance_channel" />
73-->src/main/AndroidManifest.xml:33:17-56
74
75            <intent-filter>
75-->src/main/AndroidManifest.xml:35:13-38:29
76                <action android:name="android.intent.action.MAIN" />
76-->src/main/AndroidManifest.xml:36:17-68
76-->src/main/AndroidManifest.xml:36:25-66
77
78                <category android:name="android.intent.category.LAUNCHER" />
78-->src/main/AndroidManifest.xml:37:17-76
78-->src/main/AndroidManifest.xml:37:27-74
79            </intent-filter>
80            <intent-filter>
80-->src/main/AndroidManifest.xml:39:13-42:29
81                <action android:name="FLUTTER_NOTIFICATION_CLICK" />
81-->src/main/AndroidManifest.xml:40:17-69
81-->src/main/AndroidManifest.xml:40:25-66
82
83                <category android:name="android.intent.category.DEFAULT" />
83-->src/main/AndroidManifest.xml:41:17-76
83-->src/main/AndroidManifest.xml:41:27-73
84            </intent-filter>
85        </activity>
86        <activity
86-->src/main/AndroidManifest.xml:44:9-47:71
87            android:name="com.yalantis.ucrop.UCropActivity"
87-->src/main/AndroidManifest.xml:45:13-60
88            android:screenOrientation="portrait"
88-->src/main/AndroidManifest.xml:46:13-49
89            android:theme="@style/Theme.AppCompat.Light.NoActionBar" />
89-->src/main/AndroidManifest.xml:47:13-69
90        <!--
91             Don't delete the meta-data below.
92             This is used by the Flutter tool to generate GeneratedPluginRegistrant.java
93        -->
94        <meta-data
94-->src/main/AndroidManifest.xml:50:9-52:33
95            android:name="flutterEmbedding"
95-->src/main/AndroidManifest.xml:51:13-44
96            android:value="2" />
96-->src/main/AndroidManifest.xml:52:13-30
97        <meta-data
97-->src/main/AndroidManifest.xml:54:9-56:62
98            android:name="com.google.firebase.messaging.default_notification_icon"
98-->src/main/AndroidManifest.xml:55:13-83
99            android:resource="@drawable/icon_notification" />
99-->src/main/AndroidManifest.xml:56:13-59
100        <meta-data
100-->src/main/AndroidManifest.xml:58:9-60:54
101            android:name="com.google.firebase.messaging.default_notification_color"
101-->src/main/AndroidManifest.xml:59:13-84
102            android:resource="@color/colorPrimary" />
102-->src/main/AndroidManifest.xml:60:13-51
103
104        <service
104-->[:firebase_storage] AndroidManifest.xml:8:9-12:19
105            android:name="com.google.firebase.components.ComponentDiscoveryService"
105-->[:firebase_storage] AndroidManifest.xml:8:18-89
106            android:directBootAware="true"
106-->[com.google.firebase:firebase-common:20.0.0] AndroidManifest.xml:35:13-43
107            android:exported="false" >
107-->[com.google.firebase:firebase-messaging:22.0.0] AndroidManifest.xml:51:13-37
108            <meta-data
108-->[:firebase_storage] AndroidManifest.xml:9:13-11:85
109                android:name="com.google.firebase.components:io.flutter.plugins.firebase.storage.FlutterFirebaseAppRegistrar"
109-->[:firebase_storage] AndroidManifest.xml:10:17-126
110                android:value="com.google.firebase.components.ComponentRegistrar" />
110-->[:firebase_storage] AndroidManifest.xml:11:17-82
111            <meta-data
111-->[:firebase_messaging] AndroidManifest.xml:34:13-36:85
112                android:name="com.google.firebase.components:io.flutter.plugins.firebase.messaging.FlutterFirebaseAppRegistrar"
112-->[:firebase_messaging] AndroidManifest.xml:35:17-128
113                android:value="com.google.firebase.components.ComponentRegistrar" />
113-->[:firebase_messaging] AndroidManifest.xml:36:17-82
114            <meta-data
114-->[:cloud_firestore] AndroidManifest.xml:9:13-11:85
115                android:name="com.google.firebase.components:io.flutter.plugins.firebase.firestore.FlutterFirebaseFirestoreRegistrar"
115-->[:cloud_firestore] AndroidManifest.xml:10:17-134
116                android:value="com.google.firebase.components.ComponentRegistrar" />
116-->[:cloud_firestore] AndroidManifest.xml:11:17-82
117            <meta-data
117-->[:firebase_auth] AndroidManifest.xml:9:13-11:85
118                android:name="com.google.firebase.components:io.flutter.plugins.firebase.auth.FlutterFirebaseAuthRegistrar"
118-->[:firebase_auth] AndroidManifest.xml:10:17-124
119                android:value="com.google.firebase.components.ComponentRegistrar" />
119-->[:firebase_auth] AndroidManifest.xml:11:17-82
120            <meta-data
120-->[:firebase_core] AndroidManifest.xml:9:13-11:85
121                android:name="com.google.firebase.components:io.flutter.plugins.firebase.core.FlutterFirebaseCoreRegistrar"
121-->[:firebase_core] AndroidManifest.xml:10:17-124
122                android:value="com.google.firebase.components.ComponentRegistrar" />
122-->[:firebase_core] AndroidManifest.xml:11:17-82
123            <meta-data
123-->[com.google.firebase:firebase-messaging:22.0.0] AndroidManifest.xml:52:13-54:85
124                android:name="com.google.firebase.components:com.google.firebase.messaging.FirebaseMessagingRegistrar"
124-->[com.google.firebase:firebase-messaging:22.0.0] AndroidManifest.xml:53:17-119
125                android:value="com.google.firebase.components.ComponentRegistrar" />
125-->[com.google.firebase:firebase-messaging:22.0.0] AndroidManifest.xml:54:17-82
126            <meta-data
126-->[com.google.firebase:firebase-storage:20.0.0] AndroidManifest.xml:33:13-35:85
127                android:name="com.google.firebase.components:com.google.firebase.storage.StorageRegistrar"
127-->[com.google.firebase:firebase-storage:20.0.0] AndroidManifest.xml:34:17-107
128                android:value="com.google.firebase.components.ComponentRegistrar" />
128-->[com.google.firebase:firebase-storage:20.0.0] AndroidManifest.xml:35:17-82
129            <meta-data
129-->[com.google.firebase:firebase-auth:21.0.1] AndroidManifest.xml:77:13-79:85
130                android:name="com.google.firebase.components:com.google.firebase.auth.FirebaseAuthRegistrar"
130-->[com.google.firebase:firebase-auth:21.0.1] AndroidManifest.xml:78:17-109
131                android:value="com.google.firebase.components.ComponentRegistrar" />
131-->[com.google.firebase:firebase-auth:21.0.1] AndroidManifest.xml:79:17-82
132            <meta-data
132-->[com.google.firebase:firebase-firestore:23.0.0] AndroidManifest.xml:20:13-22:85
133                android:name="com.google.firebase.components:com.google.firebase.firestore.FirestoreRegistrar"
133-->[com.google.firebase:firebase-firestore:23.0.0] AndroidManifest.xml:21:17-111
134                android:value="com.google.firebase.components.ComponentRegistrar" />
134-->[com.google.firebase:firebase-firestore:23.0.0] AndroidManifest.xml:22:17-82
135            <meta-data
135-->[com.google.firebase:firebase-datatransport:18.0.0] AndroidManifest.xml:28:13-30:85
136                android:name="com.google.firebase.components:com.google.firebase.datatransport.TransportRegistrar"
136-->[com.google.firebase:firebase-datatransport:18.0.0] AndroidManifest.xml:29:17-115
137                android:value="com.google.firebase.components.ComponentRegistrar" />
137-->[com.google.firebase:firebase-datatransport:18.0.0] AndroidManifest.xml:30:17-82
138            <meta-data
138-->[com.google.firebase:firebase-installations:17.0.0] AndroidManifest.xml:18:13-20:85
139                android:name="com.google.firebase.components:com.google.firebase.installations.FirebaseInstallationsRegistrar"
139-->[com.google.firebase:firebase-installations:17.0.0] AndroidManifest.xml:19:17-127
140                android:value="com.google.firebase.components.ComponentRegistrar" />
140-->[com.google.firebase:firebase-installations:17.0.0] AndroidManifest.xml:20:17-82
141        </service>
142
143        <provider
143-->[:image_picker] AndroidManifest.xml:8:9-16:20
144            android:name="io.flutter.plugins.imagepicker.ImagePickerFileProvider"
144-->[:image_picker] AndroidManifest.xml:9:13-82
145            android:authorities="loyd.app.example.flutter.com.chatapploydlab.flutter.image_provider"
145-->[:image_picker] AndroidManifest.xml:10:13-74
146            android:exported="false"
146-->[:image_picker] AndroidManifest.xml:11:13-37
147            android:grantUriPermissions="true" >
147-->[:image_picker] AndroidManifest.xml:12:13-47
148            <meta-data
148-->[:image_picker] AndroidManifest.xml:13:13-15:75
149                android:name="android.support.FILE_PROVIDER_PATHS"
149-->[:image_picker] AndroidManifest.xml:14:17-67
150                android:resource="@xml/flutter_image_picker_file_paths" />
150-->[:image_picker] AndroidManifest.xml:15:17-72
151        </provider>
152
153        <service
153-->[:firebase_messaging] AndroidManifest.xml:12:9-15:72
154            android:name="io.flutter.plugins.firebase.messaging.FlutterFirebaseMessagingBackgroundService"
154-->[:firebase_messaging] AndroidManifest.xml:13:13-107
155            android:exported="false"
155-->[:firebase_messaging] AndroidManifest.xml:14:13-37
156            android:permission="android.permission.BIND_JOB_SERVICE" />
156-->[:firebase_messaging] AndroidManifest.xml:15:13-69
157        <service
157-->[:firebase_messaging] AndroidManifest.xml:16:9-22:19
158            android:name="io.flutter.plugins.firebase.messaging.FlutterFirebaseMessagingService"
158-->[:firebase_messaging] AndroidManifest.xml:17:13-97
159            android:exported="false" >
159-->[:firebase_messaging] AndroidManifest.xml:18:13-37
160            <intent-filter>
160-->[:firebase_messaging] AndroidManifest.xml:19:13-21:29
161                <action android:name="com.google.firebase.MESSAGING_EVENT" />
161-->[:firebase_messaging] AndroidManifest.xml:20:17-78
161-->[:firebase_messaging] AndroidManifest.xml:20:25-75
162            </intent-filter>
163        </service>
164
165        <receiver
165-->[:firebase_messaging] AndroidManifest.xml:24:9-31:20
166            android:name="io.flutter.plugins.firebase.messaging.FlutterFirebaseMessagingReceiver"
166-->[:firebase_messaging] AndroidManifest.xml:25:13-98
167            android:exported="true"
167-->[:firebase_messaging] AndroidManifest.xml:26:13-36
168            android:permission="com.google.android.c2dm.permission.SEND" >
168-->[:firebase_messaging] AndroidManifest.xml:27:13-73
169            <intent-filter>
169-->[:firebase_messaging] AndroidManifest.xml:28:13-30:29
170                <action android:name="com.google.android.c2dm.intent.RECEIVE" />
170-->[:firebase_messaging] AndroidManifest.xml:29:17-81
170-->[:firebase_messaging] AndroidManifest.xml:29:25-78
171            </intent-filter>
172        </receiver>
173
174        <provider
174-->[:firebase_messaging] AndroidManifest.xml:39:9-43:38
175            android:name="io.flutter.plugins.firebase.messaging.FlutterFirebaseMessagingInitProvider"
175-->[:firebase_messaging] AndroidManifest.xml:40:13-102
176            android:authorities="loyd.app.example.flutter.com.chatapploydlab.flutterfirebasemessaginginitprovider"
176-->[:firebase_messaging] AndroidManifest.xml:41:13-88
177            android:exported="false"
177-->[:firebase_messaging] AndroidManifest.xml:42:13-37
178            android:initOrder="99" />
178-->[:firebase_messaging] AndroidManifest.xml:43:13-35
179
180        <activity
180-->[:url_launcher] AndroidManifest.xml:8:9-11:74
181            android:name="io.flutter.plugins.urllauncher.WebViewActivity"
181-->[:url_launcher] AndroidManifest.xml:9:13-74
182            android:exported="false"
182-->[:url_launcher] AndroidManifest.xml:10:13-37
183            android:theme="@android:style/Theme.NoTitleBar.Fullscreen" />
183-->[:url_launcher] AndroidManifest.xml:11:13-71
184
185        <receiver android:name="com.dexterous.flutterlocalnotifications.ScheduledNotificationReceiver" />
185-->[:flutter_local_notifications] AndroidManifest.xml:12:9-106
185-->[:flutter_local_notifications] AndroidManifest.xml:12:19-103
186        <receiver android:name="com.dexterous.flutterlocalnotifications.ScheduledNotificationBootReceiver" >
186-->[:flutter_local_notifications] AndroidManifest.xml:13:9-20:20
186-->[:flutter_local_notifications] AndroidManifest.xml:13:19-107
187            <intent-filter>
187-->[:flutter_local_notifications] AndroidManifest.xml:14:13-19:29
188                <action android:name="android.intent.action.BOOT_COMPLETED" />
188-->[:flutter_local_notifications] AndroidManifest.xml:15:17-79
188-->[:flutter_local_notifications] AndroidManifest.xml:15:25-76
189                <action android:name="android.intent.action.MY_PACKAGE_REPLACED" />
189-->[:flutter_local_notifications] AndroidManifest.xml:16:17-84
189-->[:flutter_local_notifications] AndroidManifest.xml:16:25-81
190                <action android:name="android.intent.action.QUICKBOOT_POWERON" />
190-->[:flutter_local_notifications] AndroidManifest.xml:17:17-82
190-->[:flutter_local_notifications] AndroidManifest.xml:17:25-79
191                <action android:name="com.htc.intent.action.QUICKBOOT_POWERON" />
191-->[:flutter_local_notifications] AndroidManifest.xml:18:17-82
191-->[:flutter_local_notifications] AndroidManifest.xml:18:25-79
192            </intent-filter>
193        </receiver>
194        <receiver
194-->[com.google.firebase:firebase-messaging:22.0.0] AndroidManifest.xml:28:9-35:20
195            android:name="com.google.firebase.iid.FirebaseInstanceIdReceiver"
195-->[com.google.firebase:firebase-messaging:22.0.0] AndroidManifest.xml:29:13-78
196            android:exported="true"
196-->[com.google.firebase:firebase-messaging:22.0.0] AndroidManifest.xml:30:13-36
197            android:permission="com.google.android.c2dm.permission.SEND" >
197-->[com.google.firebase:firebase-messaging:22.0.0] AndroidManifest.xml:31:13-73
198            <intent-filter>
198-->[:firebase_messaging] AndroidManifest.xml:28:13-30:29
199                <action android:name="com.google.android.c2dm.intent.RECEIVE" />
199-->[:firebase_messaging] AndroidManifest.xml:29:17-81
199-->[:firebase_messaging] AndroidManifest.xml:29:25-78
200            </intent-filter>
201        </receiver>
202        <!--
203             FirebaseMessagingService performs security checks at runtime,
204             but set to not exported to explicitly avoid allowing another app to call it.
205        -->
206        <service
206-->[com.google.firebase:firebase-messaging:22.0.0] AndroidManifest.xml:41:9-48:19
207            android:name="com.google.firebase.messaging.FirebaseMessagingService"
207-->[com.google.firebase:firebase-messaging:22.0.0] AndroidManifest.xml:42:13-82
208            android:directBootAware="true"
208-->[com.google.firebase:firebase-messaging:22.0.0] AndroidManifest.xml:43:13-43
209            android:exported="false" >
209-->[com.google.firebase:firebase-messaging:22.0.0] AndroidManifest.xml:44:13-37
210            <intent-filter android:priority="-500" >
210-->[:firebase_messaging] AndroidManifest.xml:19:13-21:29
211                <action android:name="com.google.firebase.MESSAGING_EVENT" />
211-->[:firebase_messaging] AndroidManifest.xml:20:17-78
211-->[:firebase_messaging] AndroidManifest.xml:20:25-75
212            </intent-filter>
213        </service>
214
215        <activity
215-->[com.google.firebase:firebase-auth:21.0.1] AndroidManifest.xml:27:9-44:20
216            android:name="com.google.firebase.auth.internal.GenericIdpActivity"
216-->[com.google.firebase:firebase-auth:21.0.1] AndroidManifest.xml:28:13-80
217            android:excludeFromRecents="true"
217-->[com.google.firebase:firebase-auth:21.0.1] AndroidManifest.xml:29:13-46
218            android:exported="true"
218-->[com.google.firebase:firebase-auth:21.0.1] AndroidManifest.xml:30:13-36
219            android:launchMode="singleTask"
219-->[com.google.firebase:firebase-auth:21.0.1] AndroidManifest.xml:31:13-44
220            android:theme="@android:style/Theme.Translucent.NoTitleBar" >
220-->[com.google.firebase:firebase-auth:21.0.1] AndroidManifest.xml:32:13-72
221            <intent-filter>
221-->[com.google.firebase:firebase-auth:21.0.1] AndroidManifest.xml:33:13-43:29
222                <action android:name="android.intent.action.VIEW" />
222-->[com.google.firebase:firebase-auth:21.0.1] AndroidManifest.xml:34:17-69
222-->[com.google.firebase:firebase-auth:21.0.1] AndroidManifest.xml:34:25-66
223
224                <category android:name="android.intent.category.DEFAULT" />
224-->src/main/AndroidManifest.xml:41:17-76
224-->src/main/AndroidManifest.xml:41:27-73
225                <category android:name="android.intent.category.BROWSABLE" />
225-->[com.google.firebase:firebase-auth:21.0.1] AndroidManifest.xml:37:17-78
225-->[com.google.firebase:firebase-auth:21.0.1] AndroidManifest.xml:37:27-75
226
227                <data
227-->[com.google.firebase:firebase-auth:21.0.1] AndroidManifest.xml:39:17-42:51
228                    android:host="firebase.auth"
228-->[com.google.firebase:firebase-auth:21.0.1] AndroidManifest.xml:40:21-49
229                    android:path="/"
229-->[com.google.firebase:firebase-auth:21.0.1] AndroidManifest.xml:41:21-37
230                    android:scheme="genericidp" />
230-->[com.google.firebase:firebase-auth:21.0.1] AndroidManifest.xml:42:21-48
231            </intent-filter>
232        </activity>
233        <activity
233-->[com.google.firebase:firebase-auth:21.0.1] AndroidManifest.xml:45:9-62:20
234            android:name="com.google.firebase.auth.internal.RecaptchaActivity"
234-->[com.google.firebase:firebase-auth:21.0.1] AndroidManifest.xml:46:13-79
235            android:excludeFromRecents="true"
235-->[com.google.firebase:firebase-auth:21.0.1] AndroidManifest.xml:47:13-46
236            android:exported="true"
236-->[com.google.firebase:firebase-auth:21.0.1] AndroidManifest.xml:48:13-36
237            android:launchMode="singleTask"
237-->[com.google.firebase:firebase-auth:21.0.1] AndroidManifest.xml:49:13-44
238            android:theme="@android:style/Theme.Translucent.NoTitleBar" >
238-->[com.google.firebase:firebase-auth:21.0.1] AndroidManifest.xml:50:13-72
239            <intent-filter>
239-->[com.google.firebase:firebase-auth:21.0.1] AndroidManifest.xml:51:13-61:29
240                <action android:name="android.intent.action.VIEW" />
240-->[com.google.firebase:firebase-auth:21.0.1] AndroidManifest.xml:34:17-69
240-->[com.google.firebase:firebase-auth:21.0.1] AndroidManifest.xml:34:25-66
241
242                <category android:name="android.intent.category.DEFAULT" />
242-->src/main/AndroidManifest.xml:41:17-76
242-->src/main/AndroidManifest.xml:41:27-73
243                <category android:name="android.intent.category.BROWSABLE" />
243-->[com.google.firebase:firebase-auth:21.0.1] AndroidManifest.xml:37:17-78
243-->[com.google.firebase:firebase-auth:21.0.1] AndroidManifest.xml:37:27-75
244
245                <data
245-->[com.google.firebase:firebase-auth:21.0.1] AndroidManifest.xml:39:17-42:51
246                    android:host="firebase.auth"
246-->[com.google.firebase:firebase-auth:21.0.1] AndroidManifest.xml:40:21-49
247                    android:path="/"
247-->[com.google.firebase:firebase-auth:21.0.1] AndroidManifest.xml:41:21-37
248                    android:scheme="recaptcha" />